0 info it worked if it ends with ok
1 verbose cli [ '/usr/local/bin/node', '/usr/local/bin/npm', 'run', 'db' ]
2 info using npm@3.8.6
3 info using node@v6.0.0
4 verbose run-script [ 'predb', 'db', 'postdb' ]
5 info lifecycle elm-webpack-starter@0.6.3~predb: elm-webpack-starter@0.6.3
6 silly lifecycle elm-webpack-starter@0.6.3~predb: no script for predb, continuing
7 info lifecycle elm-webpack-starter@0.6.3~db: elm-webpack-starter@0.6.3
8 verbose lifecycle elm-webpack-starter@0.6.3~db: unsafe-perm in lifecycle true
9 verbose lifecycle elm-webpack-starter@0.6.3~db: PATH: /usr/local/lib/node_modules/npm/bin/node-gyp-bin:/Users/emilmork/Documents/dev/github/elm-lang-demo/node_modules/.bin:/usr/local/bin:/Users/emilmork/bin:/usr/local/bin:/usr/local/lib:/usr/bin:/bin:/usr/sbin:/sbin:/opt/X11/bin:/usr/local/git/bin:/Users/emilmork/n/bin
10 verbose lifecycle elm-webpack-starter@0.6.3~db: CWD: /Users/emilmork/Documents/dev/github/elm-lang-demo
11 silly lifecycle elm-webpack-starter@0.6.3~db: Args: [ '-c', 'json-server db.json' ]
12 silly lifecycle elm-webpack-starter@0.6.3~db: Returned: code: 1  signal: null
13 info lifecycle elm-webpack-starter@0.6.3~db: Failed to exec db script
14 verbose stack Error: elm-webpack-starter@0.6.3 db: `json-server db.json`
14 verbose stack Exit status 1
14 verbose stack     at EventEmitter.<anonymous> (/usr/local/lib/node_modules/npm/lib/utils/lifecycle.js:239:16)
14 verbose stack     at emitTwo (events.js:106:13)
14 verbose stack     at EventEmitter.emit (events.js:191:7)
14 verbose stack     at ChildProcess.<anonymous> (/usr/local/lib/node_modules/npm/lib/utils/spawn.js:24:14)
14 verbose stack     at emitTwo (events.js:106:13)
14 verbose stack     at ChildProcess.emit (events.js:191:7)
14 verbose stack     at maybeClose (internal/child_process.js:850:16)
14 verbose stack     at Process.ChildProcess._handle.onexit (internal/child_process.js:215:5)
15 verbose pkgid elm-webpack-starter@0.6.3
16 verbose cwd /Users/emilmork/Documents/dev/github/elm-lang-demo
17 error Darwin 15.2.0
18 error argv "/usr/local/bin/node" "/usr/local/bin/npm" "run" "db"
19 error node v6.0.0
20 error npm  v3.8.6
21 error code ELIFECYCLE
22 error elm-webpack-starter@0.6.3 db: `json-server db.json`
22 error Exit status 1
23 error Failed at the elm-webpack-starter@0.6.3 db script 'json-server db.json'.
23 error Make sure you have the latest version of node.js and npm installed.
23 error If you do, this is most likely a problem with the elm-webpack-starter package,
23 error not with npm itself.
23 error Tell the author that this fails on your system:
23 error     json-server db.json
23 error You can get information on how to open an issue for this project with:
23 error     npm bugs elm-webpack-starter
23 error Or if that isn't available, you can get their info via:
23 error     npm owner ls elm-webpack-starter
23 error There is likely additional logging output above.
24 verbose exit [ 1, true ]
